-------------------------------------------------------------------------------
Test set: com.example.library.web.ConcurrencyMappingTest
-------------------------------------------------------------------------------
Tests run: 1, Failures: 1, Errors: 0, Skipped: 0, Time elapsed: 1.841 s <<< FAILURE! -- in com.example.library.web.ConcurrencyMappingTest
com.example.library.web.ConcurrencyMappingTest.optimisticLockConflictMappedTo409 -- Time elapsed: 0.033 s <<< FAILURE!
java.lang.AssertionError: Status expected:<409> but was:<500>
	at org.springframework.test.util.AssertionErrors.fail(AssertionErrors.java:59)
	at org.springframework.test.util.AssertionErrors.assertEquals(AssertionErrors.java:122)
	at org.springframework.test.web.servlet.result.StatusResultMatchers.lambda$matcher$9(StatusResultMatchers.java:637)
	at org.springframework.test.web.servlet.MockMvc$1.andExpect(MockMvc.java:214)
	at com.example.library.web.ConcurrencyMappingTest.optimisticLockConflictMappedTo409(ConcurrencyMappingTest.java:37)
	at java.base/java.lang.reflect.Method.invoke(Method.java:568)
	at java.base/java.util.ArrayList.forEach(ArrayList.java:1511)
	at java.base/java.util.ArrayList.forEach(ArrayList.java:1511)

