<?xml version="1.0" encoding="UTF-8"?>
<testsuite xmlns:xsi="http://www.w3.org/2001/XMLSchema-instance" xsi:noNamespaceSchemaLocation="https://maven.apache.org/surefire/maven-surefire-plugin/xsd/surefire-test-report-3.0.xsd" version="3.0" name="com.example.library.web.ErrorResponseContractTest" time="5.697" tests="1" errors="0" skipped="0" failures="0">
  <properties>
[...]
</properties>
  <testcase name="validationErrorReturnsStandardModel" classname="com.example.library.web.ErrorResponseContractTest" time="1.242">
    <system-out><![CDATA[12:35:28.991 [main] INFO org.springframework.test.context.support.AnnotationConfigContextLoaderUtils -- Could not detect default configuration classes for test class [com.example.library.web.ErrorResponseContractTest]: ErrorResponseContractTest does not declare any static, non-private, non-final, nested classes annotated with @Configuration.
12:35:29.064 [main] INFO org.springframework.boot.test.context.SpringBootTestContextBootstrapper -- Found @SpringBootConfiguration com.example.library.web.LibraryWebApplication for test class com.example.library.web.ErrorResponseContractTest

  .   ____          _            __ _ _
 /\\ / ___'_ __ _ _(_)_ __  __ _ \ \ \ \
( ( )\___ | '_ | '_| | '_ \/ _` | \ \ \ \
 \\/  ___)| |_)| | | | | || (_| |  ) ) ) )
  '  |____| .__|_| |_|_| |_\__, | / / / /
 =========|_|==============|___/=/_/_/_/
 :: Spring Boot ::                (v3.2.1)

2026-01-18T12:35:29.350+05:30  INFO [corrId:] 52177 --- [           main] c.e.l.web.ErrorResponseContractTest      : Starting ErrorResponseContractTest using Java 17.0.7 with PID 52177 (started by suyashgupta in /Users/suyashgupta/assessment-test/library-web)
2026-01-18T12:35:29.351+05:30  INFO [corrId:] 52177 --- [           main] c.e.l.web.ErrorResponseContractTest      : The following 1 profile is active: "test"
2026-01-18T12:35:29.869+05:30  INFO [corrId:] 52177 --- [           main] .s.d.r.c.RepositoryConfigurationDelegate : Bootstrapping Spring Data JPA repositories in DEFAULT mode.
2026-01-18T12:35:29.912+05:30  INFO [corrId:] 52177 --- [           main] .s.d.r.c.RepositoryConfigurationDelegate : Finished Spring Data repository scanning in 36 ms. Found 3 JPA repository interfaces.
2026-01-18T12:35:30.550+05:30  INFO [corrId:] 52177 --- [           main] com.zaxxer.hikari.HikariDataSource       : HikariPool-1 - Starting...
2026-01-18T12:35:30.701+05:30  INFO [corrId:] 52177 --- [           main] com.zaxxer.hikari.pool.HikariPool        : HikariPool-1 - Added connection conn0: url=jdbc:h2:mem:library user=SA
2026-01-18T12:35:30.702+05:30  INFO [corrId:] 52177 --- [           main] com.zaxxer.hikari.HikariDataSource       : HikariPool-1 - Start completed.
2026-01-18T12:35:30.759+05:30  INFO [corrId:] 52177 --- [           main] o.f.c.internal.license.VersionPrinter    : Flyway Community Edition 9.22.3 by Redgate
2026-01-18T12:35:30.759+05:30  INFO [corrId:] 52177 --- [           main] o.f.c.internal.license.VersionPrinter    : See release notes here: https://rd.gt/416ObMi
2026-01-18T12:35:30.759+05:30  INFO [corrId:] 52177 --- [           main] o.f.c.internal.license.VersionPrinter    : 
2026-01-18T12:35:30.792+05:30  INFO [corrId:] 52177 --- [           main] org.flywaydb.core.FlywayExecutor         : Database: jdbc:h2:mem:library (H2 2.2)
2026-01-18T12:35:30.801+05:30  WARN [corrId:] 52177 --- [           main] o.f.c.internal.database.base.Database    : Flyway upgrade recommended: H2 2.2.224 is newer than this version of Flyway and support has not been tested. The latest supported version of H2 is 2.2.220.
2026-01-18T12:35:30.815+05:30  INFO [corrId:] 52177 --- [           main] o.f.c.i.s.JdbcTableSchemaHistory         : Schema history table "PUBLIC"."flyway_schema_history" does not exist yet
2026-01-18T12:35:30.817+05:30  INFO [corrId:] 52177 --- [           main] o.f.core.internal.command.DbValidate     : Successfully validated 1 migration (execution time 00:00.008s)
2026-01-18T12:35:30.823+05:30  INFO [corrId:] 52177 --- [           main] o.f.c.i.s.JdbcTableSchemaHistory         : Creating Schema History table "PUBLIC"."flyway_schema_history" ...
2026-01-18T12:35:30.841+05:30  INFO [corrId:] 52177 --- [           main] o.f.core.internal.command.DbMigrate      : Current version of schema "PUBLIC": << Empty Schema >>
2026-01-18T12:35:30.847+05:30  INFO [corrId:] 52177 --- [           main] o.f.core.internal.command.DbMigrate      : Migrating schema "PUBLIC" to version "1 - init"
2026-01-18T12:35:30.863+05:30  INFO [corrId:] 52177 --- [           main] o.f.core.internal.command.DbMigrate      : Successfully applied 1 migration to schema "PUBLIC", now at version v1 (execution time 00:00.010s)
2026-01-18T12:35:30.939+05:30  INFO [corrId:] 52177 --- [           main] o.hibernate.jpa.internal.util.LogHelper  : HHH000204: Processing PersistenceUnitInfo [name: default]
2026-01-18T12:35:30.985+05:30  INFO [corrId:] 52177 --- [           main] org.hibernate.Version                    : HHH000412: Hibernate ORM core version 6.4.1.Final
2026-01-18T12:35:31.011+05:30  INFO [corrId:] 52177 --- [           main] o.h.c.internal.RegionFactoryInitiator    : HHH000026: Second-level cache disabled
2026-01-18T12:35:31.170+05:30  INFO [corrId:] 52177 --- [           main] o.s.o.j.p.SpringPersistenceUnitInfo      : No LoadTimeWeaver setup: ignoring JPA class transformer
2026-01-18T12:35:31.814+05:30  INFO [corrId:] 52177 --- [           main] o.h.e.t.j.p.i.JtaPlatformInitiator       : HHH000489: No JTA platform available (set 'hibernate.transaction.jta.platform' to enable JTA platform integration)
2026-01-18T12:35:31.828+05:30  INFO [corrId:] 52177 --- [           main] j.LocalContainerEntityManagerFactoryBean : Initialized JPA EntityManagerFactory for persistence unit 'default'
2026-01-18T12:35:32.428+05:30  WARN [corrId:] 52177 --- [           main] JpaBaseConfiguration$JpaWebConfiguration : spring.jpa.open-in-view is enabled by default. Therefore, database queries may be performed during view rendering. Explicitly configure spring.jpa.open-in-view to disable this warning
2026-01-18T12:35:32.827+05:30  INFO [corrId:] 52177 --- [           main] o.s.s.web.DefaultSecurityFilterChain     : Will secure any request with [org.springframework.security.web.session.DisableEncodeUrlFilter@29e8c09c, org.springframework.security.web.context.request.async.WebAsyncManagerIntegrationFilter@5d8de155, org.springframework.security.web.context.SecurityContextHolderFilter@5d16bb07, org.springframework.security.web.header.HeaderWriterFilter@3d287f7c, org.springframework.web.filter.CorsFilter@1d0590bc, org.springframework.security.web.authentication.logout.LogoutFilter@198d55de, org.springframework.security.web.authentication.www.BasicAuthenticationFilter@3b5f72fa, org.springframework.security.web.savedrequest.RequestCacheAwareFilter@3612a60d, org.springframework.security.web.servletapi.SecurityContextHolderAwareRequestFilter@6347ebbc, org.springframework.security.web.authentication.AnonymousAuthenticationFilter@6d4dac56, org.springframework.security.web.access.ExceptionTranslationFilter@9be2897, org.springframework.security.web.access.intercept.AuthorizationFilter@7789719e]
2026-01-18T12:35:33.292+05:30  INFO [corrId:] 52177 --- [           main] o.s.b.t.m.w.SpringBootMockServletContext : Initializing Spring TestDispatcherServlet ''
2026-01-18T12:35:33.292+05:30  INFO [corrId:] 52177 --- [           main] o.s.t.web.servlet.TestDispatcherServlet  : Initializing Servlet ''
2026-01-18T12:35:33.293+05:30  INFO [corrId:] 52177 --- [           main] o.s.t.web.servlet.TestDispatcherServlet  : Completed initialization in 1 ms
2026-01-18T12:35:33.317+05:30  INFO [corrId:] 52177 --- [           main] c.e.l.web.ErrorResponseContractTest      : Started ErrorResponseContractTest in 4.155 seconds (process running for 4.872)
2026-01-18T12:35:34.323+05:30  INFO [corrId:] 52177 --- [           main] c.e.l.service.aop.ExecutionTimeAspect    : service.method=LibraryUserDetailsService.loadUserByUsername(..) durationMs=36
2026-01-18T12:35:34.450+05:30  INFO [corrId:0541ee47-173d-4032-b06c-2408b99c86e4] 52177 --- [           main] c.e.l.web.filter.CorrelationIdFilter     : request.start method=POST path=/books correlationId=0541ee47-173d-4032-b06c-2408b99c86e4
2026-01-18T12:35:34.543+05:30  INFO [corrId:0541ee47-173d-4032-b06c-2408b99c86e4] 52177 --- [           main] c.e.l.web.filter.CorrelationIdFilter     : request.end method=POST path=/books status=400 latencyMs=93 correlationId=0541ee47-173d-4032-b06c-2408b99c86e4
]]></system-out>
  </testcase>
</testsuite>