<?xml version="1.0" encoding="UTF-8"?>
<testsuite xmlns:xsi="http://www.w3.org/2001/XMLSchema-instance" xsi:noNamespaceSchemaLocation="https://maven.apache.org/surefire/maven-surefire-plugin/xsd/surefire-test-report-3.0.xsd" version="3.0" name="com.example.library.web.BookServiceTest" time="1.215" tests="2" errors="0" skipped="0" failures="0">
  <properties>
[...]
</properties>
  <testcase name="catalogTransitionsProcessingToAvailable" classname="com.example.library.web.BookServiceTest" time="0.079">
    <system-out><![CDATA[2026-01-18T12:35:37.101+05:30  INFO [corrId:] 52177 --- [           main] t.c.s.AnnotationConfigContextLoaderUtils : Could not detect default configuration classes for test class [com.example.library.web.BookServiceTest]: BookServiceTest does not declare any static, non-private, non-final, nested classes annotated with @Configuration.
2026-01-18T12:35:37.102+05:30  INFO [corrId:] 52177 --- [           main] .b.t.c.SpringBootTestContextBootstrapper : Found @SpringBootConfiguration com.example.library.web.LibraryWebApplication for test class com.example.library.web.BookServiceTest

  .   ____          _            __ _ _
 /\\ / ___'_ __ _ _(_)_ __  __ _ \ \ \ \
( ( )\___ | '_ | '_| | '_ \/ _` | \ \ \ \
 \\/  ___)| |_)| | | | | || (_| |  ) ) ) )
  '  |____| .__|_| |_|_| |_\__, | / / / /
 =========|_|==============|___/=/_/_/_/
 :: Spring Boot ::                (v3.2.1)

2026-01-18T12:35:37.135+05:30  INFO [corrId:] 52177 --- [           main] c.example.library.web.BookServiceTest    : Starting BookServiceTest using Java 17.0.7 with PID 52177 (started by suyashgupta in /Users/suyashgupta/assessment-test/library-web)
2026-01-18T12:35:37.136+05:30  INFO [corrId:] 52177 --- [           main] c.example.library.web.BookServiceTest    : The following 1 profile is active: "test"
2026-01-18T12:35:37.285+05:30  INFO [corrId:] 52177 --- [           main] .s.d.r.c.RepositoryConfigurationDelegate : Bootstrapping Spring Data JPA repositories in DEFAULT mode.
2026-01-18T12:35:37.289+05:30  INFO [corrId:] 52177 --- [           main] .s.d.r.c.RepositoryConfigurationDelegate : Finished Spring Data repository scanning in 3 ms. Found 3 JPA repository interfaces.
2026-01-18T12:35:37.477+05:30  INFO [corrId:] 52177 --- [           main] com.zaxxer.hikari.HikariDataSource       : HikariPool-3 - Starting...
2026-01-18T12:35:37.478+05:30  INFO [corrId:] 52177 --- [           main] com.zaxxer.hikari.pool.HikariPool        : HikariPool-3 - Added connection conn20: url=jdbc:h2:mem:library user=SA
2026-01-18T12:35:37.479+05:30  INFO [corrId:] 52177 --- [           main] com.zaxxer.hikari.HikariDataSource       : HikariPool-3 - Start completed.
2026-01-18T12:35:37.486+05:30  INFO [corrId:] 52177 --- [           main] org.flywaydb.core.FlywayExecutor         : Database: jdbc:h2:mem:library (H2 2.2)
2026-01-18T12:35:37.488+05:30  WARN [corrId:] 52177 --- [           main] o.f.c.internal.database.base.Database    : Flyway upgrade recommended: H2 2.2.224 is newer than this version of Flyway and support has not been tested. The latest supported version of H2 is 2.2.220.
2026-01-18T12:35:37.490+05:30  INFO [corrId:] 52177 --- [           main] o.f.core.internal.command.DbValidate     : Successfully validated 1 migration (execution time 00:00.001s)
2026-01-18T12:35:37.492+05:30  INFO [corrId:] 52177 --- [           main] o.f.core.internal.command.DbMigrate      : Current version of schema "PUBLIC": 1
2026-01-18T12:35:37.493+05:30  INFO [corrId:] 52177 --- [           main] o.f.core.internal.command.DbMigrate      : Schema "PUBLIC" is up to date. No migration necessary.
2026-01-18T12:35:37.518+05:30  INFO [corrId:] 52177 --- [           main] o.hibernate.jpa.internal.util.LogHelper  : HHH000204: Processing PersistenceUnitInfo [name: default]
2026-01-18T12:35:37.522+05:30  INFO [corrId:] 52177 --- [           main] o.h.c.internal.RegionFactoryInitiator    : HHH000026: Second-level cache disabled
2026-01-18T12:35:37.526+05:30  INFO [corrId:] 52177 --- [           main] o.s.o.j.p.SpringPersistenceUnitInfo      : No LoadTimeWeaver setup: ignoring JPA class transformer
2026-01-18T12:35:37.581+05:30  INFO [corrId:] 52177 --- [           main] o.h.e.t.j.p.i.JtaPlatformInitiator       : HHH000489: No JTA platform available (set 'hibernate.transaction.jta.platform' to enable JTA platform integration)
2026-01-18T12:35:37.582+05:30  INFO [corrId:] 52177 --- [           main] j.LocalContainerEntityManagerFactoryBean : Initialized JPA EntityManagerFactory for persistence unit 'default'
2026-01-18T12:35:37.830+05:30  WARN [corrId:] 52177 --- [           main] JpaBaseConfiguration$JpaWebConfiguration : spring.jpa.open-in-view is enabled by default. Therefore, database queries may be performed during view rendering. Explicitly configure spring.jpa.open-in-view to disable this warning
2026-01-18T12:35:37.986+05:30  INFO [corrId:] 52177 --- [           main] o.s.s.web.DefaultSecurityFilterChain     : Will secure any request with [org.springframework.security.web.session.DisableEncodeUrlFilter@6c53ce34, org.springframework.security.web.context.request.async.WebAsyncManagerIntegrationFilter@64ec804f, org.springframework.security.web.context.SecurityContextHolderFilter@6a5f05f5, org.springframework.security.web.header.HeaderWriterFilter@766f5049, org.springframework.web.filter.CorsFilter@5008c5a, org.springframework.security.web.authentication.logout.LogoutFilter@6cf2b638, org.springframework.security.web.authentication.www.BasicAuthenticationFilter@1569e9d7, org.springframework.security.web.savedrequest.RequestCacheAwareFilter@207b440f, org.springframework.security.web.servletapi.SecurityContextHolderAwareRequestFilter@72f18fbd, org.springframework.security.web.authentication.AnonymousAuthenticationFilter@5ffdea7c, org.springframework.security.web.access.ExceptionTranslationFilter@78e547aa, org.springframework.security.web.access.intercept.AuthorizationFilter@68212585]
2026-01-18T12:35:38.223+05:30  INFO [corrId:] 52177 --- [           main] c.example.library.web.BookServiceTest    : Started BookServiceTest in 1.116 seconds (process running for 9.777)
2026-01-18T12:35:38.244+05:30  INFO [corrId:] 52177 --- [           main] c.e.l.service.aop.ExecutionTimeAspect    : service.method=BookMapper.toResponse(..) durationMs=0
2026-01-18T12:35:38.245+05:30  INFO [corrId:] 52177 --- [           main] c.e.l.service.aop.ExecutionTimeAspect    : service.method=BookServiceImpl.catalogBook(..) durationMs=11
]]></system-out>
  </testcase>
  <testcase name="catalogRejectsInvalidState" classname="com.example.library.web.BookServiceTest" time="0.009">
    <system-out><![CDATA[2026-01-18T12:35:38.310+05:30  INFO [corrId:] 52177 --- [           main] c.e.l.service.aop.ExecutionTimeAspect    : service.method=BookServiceImpl.catalogBook(..) durationMs=1
]]></system-out>
  </testcase>
</testsuite>