<?xml version="1.0" encoding="UTF-8"?>
<testsuite xmlns:xsi="http://www.w3.org/2001/XMLSchema-instance" xsi:noNamespaceSchemaLocation="https://maven.apache.org/surefire/maven-surefire-plugin/xsd/surefire-test-report-3.0.xsd" version="3.0" name="com.example.library.domain.LoanRepositoryTest" time="3.188" tests="1" errors="0" skipped="0" failures="0">
  <properties>
[...]
</properties>
  <testcase name="detectsActiveLoanForBook" classname="com.example.library.domain.LoanRepositoryTest" time="0.625">
    <system-out><![CDATA[
  .   ____          _            __ _ _
 /\\ / ___'_ __ _ _(_)_ __  __ _ \ \ \ \
( ( )\___ | '_ | '_| | '_ \/ _` | \ \ \ \
 \\/  ___)| |_)| | | | | || (_| |  ) ) ) )
  '  |____| .__|_| |_|_| |_\__, | / / / /
 =========|_|==============|___/=/_/_/_/
 :: Spring Boot ::                (v3.2.1)

2026-01-18T12:35:24.649+05:30  INFO 52170 --- [           main] c.e.library.domain.LoanRepositoryTest    : Starting LoanRepositoryTest using Java 17.0.7 with PID 52170 (started by suyashgupta in /Users/suyashgupta/assessment-test/library-domain)
2026-01-18T12:35:24.651+05:30  INFO 52170 --- [           main] c.e.library.domain.LoanRepositoryTest    : The following 1 profile is active: "test"
2026-01-18T12:35:24.933+05:30  INFO 52170 --- [           main] .s.d.r.c.RepositoryConfigurationDelegate : Bootstrapping Spring Data JPA repositories in DEFAULT mode.
2026-01-18T12:35:25.035+05:30  INFO 52170 --- [           main] .s.d.r.c.RepositoryConfigurationDelegate : Finished Spring Data repository scanning in 95 ms. Found 3 JPA repository interfaces.
2026-01-18T12:35:25.089+05:30  INFO 52170 --- [           main] beddedDataSourceBeanFactoryPostProcessor : Replacing 'dataSource' DataSource bean with embedded version
2026-01-18T12:35:25.232+05:30  INFO 52170 --- [           main] o.s.j.d.e.EmbeddedDatabaseFactory        : Starting embedded database: url='jdbc:h2:mem:0f5e9af1-5e86-48dc-a9ee-3ce8b79f7843;DB_CLOSE_DELAY=-1;DB_CLOSE_ON_EXIT=false', username='sa'
2026-01-18T12:35:25.428+05:30  INFO 52170 --- [           main] o.hibernate.jpa.internal.util.LogHelper  : HHH000204: Processing PersistenceUnitInfo [name: default]
2026-01-18T12:35:25.466+05:30  INFO 52170 --- [           main] org.hibernate.Version                    : HHH000412: Hibernate ORM core version 6.4.1.Final
2026-01-18T12:35:25.488+05:30  INFO 52170 --- [           main] o.h.c.internal.RegionFactoryInitiator    : HHH000026: Second-level cache disabled
2026-01-18T12:35:25.649+05:30  INFO 52170 --- [           main] o.s.o.j.p.SpringPersistenceUnitInfo      : No LoadTimeWeaver setup: ignoring JPA class transformer
2026-01-18T12:35:26.239+05:30  INFO 52170 --- [           main] o.h.e.t.j.p.i.JtaPlatformInitiator       : HHH000489: No JTA platform available (set 'hibernate.transaction.jta.platform' to enable JTA platform integration)
Hibernate: drop table if exists app_user cascade 
Hibernate: drop table if exists book cascade 
Hibernate: drop table if exists loan cascade 
Hibernate: create table app_user (enabled boolean not null, created_at timestamp(6) with time zone not null, id uuid not null, password varchar(255) not null, role varchar(255) not null check (role in ('LIBRARIAN','MEMBER')), username varchar(255) not null unique, primary key (id))
Hibernate: create table book (created_at timestamp(6) with time zone not null, updated_at timestamp(6) with time zone not null, version bigint, id uuid not null, status varchar(255) not null check (status in ('PROCESSING','AVAILABLE','CHECKED_OUT')), title varchar(255) not null, primary key (id))
Hibernate: create table loan (borrowed_at timestamp(6) with time zone not null, returned_at timestamp(6) with time zone, book_id uuid not null, borrower_id uuid not null, id uuid not null, primary key (id))
Hibernate: alter table if exists loan add constraint FK88c0ydlo57pcgp137tntrgqx1 foreign key (book_id) references book
Hibernate: alter table if exists loan add constraint FK6rx0u3a5isl2srnhq9umjb0k2 foreign key (borrower_id) references app_user
2026-01-18T12:35:26.271+05:30  INFO 52170 --- [           main] j.LocalContainerEntityManagerFactoryBean : Initialized JPA EntityManagerFactory for persistence unit 'default'
2026-01-18T12:35:26.591+05:30  INFO 52170 --- [           main] c.e.library.domain.LoanRepositoryTest    : Started LoanRepositoryTest in 2.285 seconds (process running for 3.16)
Hibernate: insert into app_user (created_at,enabled,password,role,username,id) values (?,?,?,?,?,?)
Hibernate: insert into book (created_at,status,title,updated_at,version,id) values (?,?,?,?,?,?)
Hibernate: insert into loan (book_id,borrowed_at,borrower_id,returned_at,id) values (?,?,?,?,?)
Hibernate: select l1_0.id from loan l1_0 join book b1_0 on b1_0.id=l1_0.book_id where b1_0.id=? and l1_0.returned_at is null fetch first ? rows only
Hibernate: update loan set book_id=?,borrowed_at=?,borrower_id=?,returned_at=? where id=?
Hibernate: select l1_0.id from loan l1_0 join book b1_0 on b1_0.id=l1_0.book_id where b1_0.id=? and l1_0.returned_at is null fetch first ? rows only
]]></system-out>
  </testcase>
</testsuite>